181
536
651
823
826
937
1043
1396
1695
2094
2506
2547
2552
2564
2651
2671
2883
2930
2955
3216
3289
3359
3489
4038
4078
4158
4343
4365
4832
5014
5153
5418
5599
5692
6138
6225
6451
6792
6796
6822
6915
7470
8602
8777
9721
10057
10096
10396
10428
10497
10527
10533
10944
11039
11171
12500
13485
13974
14725
15419
15668
15743
16744
16745
16757
17898
18850
19420
19643
20135
20488
20785
21096
21548
21912
21953
22935
22950
23666
23856
24623
25132
25741
25756
25902
26323
26438
27670
27770
27899
28749
29849
30117
30509
32399
32463
32525
33182
33354
34777
35346
37300
37304
38274
39251
39303
39523
39733
40382
40384
40640
41057
42268
42999
43009
43540
43638
43651
43926
44866
45196
45655
46553
46922
47085
47187
50261
50543
52057
53725
53891
54518
57304
57506
58540
58645
59381
59487
59891
60621
61350
62601
63403
63636
64896
64997
66066
66832
67795
67872
67955
68150
69618
70325
70874
70986
71491
71794
73553
73653
73896
74412
75449
75701
75876
76633
77639
78043
78838
79292
79737
80257
80407
81352
84303
84728
86098
86477
86548
87232
87495
88006
88659
88858
91032
91163
91329
91698
92837
92848
94168
94381
95280
95415
95568
97655
98018
98061
98063
98136
98310
98857
99077
100850
100915
101707
102558
102717
102731
103881
104921
108851
108908
109513
109743
110011
110038
110845
111106
111353
111788
112454
113040
114108
114417
115521
115806
116006
116021
116979
117239
117268
118573
119097
119739
122224
122887
123332
125466
126949
127527
127818
128535
130617
131347
131813
131863
132067
132732
132749
133195
133374
133379
134383
135495
136983
138442
138620
138780
139370
140289
140364
140715
141872
143768
144780
146174
147476
147527
147612
148338
148536
148625
148868
148981
149162
153287
154500
154658
155292
155937
156922
157013
157065
157863
157881
158744
160408
160415
160616
163423
164624
165318
165727
167120
167765
168610
169552
170303
171186
171704
175059
176176
176199
176700
176990
177191
177194
178752
178845
179097
179098
179729
180278
181258
181282
182390
182851
184091
185437
185459
187808
188782
189495
189807
191033
192258
192502
193488
193817
194572
196488
196688
196788
197560
197719
198149
198972
200638
200983
201046
201338
201344
202605
205080
206343
206639
207643
207797
207974
208114
209634
210154
210366
223749
223868
224762
226953
234101
242326
243282
246723
251746
259900
263522
266732
272812
274345
274866
279796
279797
280147
281659
282638
282940
283379
285369
285476
286253
286632
289633
292032
292744
293587
293646
294990
296145
298442
298489
300022
300069
300392
300955
301478
301875
302858
304444
305043
305327
305397
305432
305438
307246
307274
307630
307824
307844
308148
308381
308508
309585
309608
309611
309765
311023
311029
313105
313672
314176
314797
315732
316745
318531
321232
323864
327866
332066
333002
333043
333051
333359
333371
333422
333629
333635
334358
334371
336873
336886
337081
337906
339497
343556
343601
343788
345027
348611
349376
350535
356658
358094
368527
375424
378704
378999
383948
384231
391788
392436
394169
407851
409899
411655
412560
415818
415873
417740
419718
420635
421351
422066
423795
424702
425860
426179
430342
430685
430801
431775
432506
434044
434394
434559
434616
434769
437257
437379
437440
438094
438765
441324
441711
441892
443680
443981
445882
446059
451223
452464
452900
455613
458797
461198
462487
463001
463483
464299
464389
465358
467277
467362
467916
467919
468018
472274
472598
472686
473785
474689
474724
475472
475534
476662
477248
479384
479852
480421
480843
481374
487017
488106
489802
489811
491539
492257
498364
498665
500218
501094
501281
501814
508741
510787
512392
512796
513344
521067
521177
524597
525463
526389
526646
527761
529977
530253
535113
535821
536384
536515
536952
537461
537518
537544
547229
547241
548827
549231
550967
551142
551182
551695
553739
553902
554146
556305
556795
563316
563563
568076
568497
569143
569583
570828
571944
572558
576613
577008
583794
584774
586686
588756
589715
591105
597678
599974
613811
614220
614485
614645
614827
615588
617202
618618
618838
619029
619558
620781
620863
623817
624531
626166
626351
626800
627537
630084
632355
633026
634738
639125
644456
645008
645293
645308
645446
645697
649228
649953
649974
651246
651479
652874
655255
655292
655465
656951
658535
658619
667088
667895
670359
676212
676986
677379
677658
678641
690445
690892
695416
698073
698288
701006
708180
712507
722132
724090
726472
729995
732150
732575
732599
734168
734857
739785
743896
744414
753684
754136
759375
764146
764475
766658
767801
767956
768336
770313
772039
777069
777438
777550
778493
779661
779833
785315
789640
795411
796365
797902
805514
815691
815949
817243
819082
827850
828551
834455
834630
835548
835672
835843
836674
839525
841100
842513
847774
848719
849445
849506
850915
851803
852536
856686
859502
860031
862288
862692
863403
870052
870678
872663
872782
873601
875172
879004
882118
882870
886941
888946
892140
892293
893348
895267
895780
895897
906546
906858
910880
913420
913957
914337
918997
920932
930356
930959
933398
934000
935450
936541
939107
943241
950250
951881
953369
956371
959198
960085
960786
969416
969433
969437
970263
970318
971127
971241
971383
971454
972564
973223
974435
975634
976371
977352
978010
979168
981406
982951
983112
984504
985100
985308
988442
992705
992857
995332
995975
997809
1001277
1005700
1014531
1014647
1015998
1017710
1018214
1020162
1020851
1022470
1023326
1023514
1024664
1026174
1026856
1027306
1027735
1029082
1032090
1032284
1032917
1038609
1038771
1041962
1044078
1051900
1053342
1054601
1058758
1059866
1064178
1064517
1068632
1070817
1080368
1082566
1083648
1086259
1089434
1089817
1090066
1091857
1097289
1101594
1103634
1109554
1112780
1117147
1117288
1119836
1125512
1135237
1146284
1146287
1146919
1148750
1149660
1157112
1160135
1162323
1162802
1163812
1167977
1171944
1174899
1177509
1178387
1183292
1184493
1184673
1186859
1187364
1189192
1190576
1193460
1195232
1198315
1199317
1200306
1203513
1212678
1213123
1213432
1216177
1217302
1218573
1222976
1226873
1231190
1233139
1233410
1238186
1248046
1249577
1250512
1251011
1251714
1256578
1258687
1260815
1263171
1264352
1272713
1272934
1272974
1273049
1273128
1273136
1274123
1275313
1275540
1276066
1278250
1282925
1285511
1288393
1288927
1290064
1295182
1295415
1295944
1296102
1296452
1296500
1299697
1302492
1304355
1305959
1307175
1307918
1312816
1314479
1315633
1317324
1319168
1326048
1327203
1330885
1330896
1331526
1331817
1331841
1331863
1331879
1331892
1331903
1332525
1337562
1338090
1340755
1340756
1340757
1343365
1345091
1345363
1349288
1352036
1352461
1359424
1361644
1364394
1366980
1367276
1367310
1367354
1367397
1367419
1367551
1367601
1367654
1367799
1367830
1370687
1372265
1375917
1376032
1377062
1381281
1382920
1383552
1383769
1383808
1385028
1388012
1391659
1394630
1394662
1394913
1395362
1395538
1395709
1395956
1396114
1397124
1397182
1397224
1397243
1397266
1397288
1397302
1397308
1397329
1397343
1397352
1397364
1397371
1397382
1397423
1397464
1397672
1400112
1400314
1402562
1403792
1410366
1410470
1411305
1412365
1412399
1413160
1414086
1414366
1418514
1419342
1419550
1420868
1422467
1422493
1422708
1423415
1424294
1424455
1427590
1429367
1430538
1431193
1432526
1432973
1436437
1436493
1437028
1438734
1439825
1442208
1445612
1446559
1449231
1450042
1452318
1453507
1454702
1456253
1456324
1458164
1459987
1461095
1462448
1466312
1466409
1469284
1480548
1484098
1484662
1485845
1486207
1486448
1492060
1495066
1496240
1501859
1502973
1503752
1507659
1511925
1515034
1515832
1516723
1522114
1522804
1526324
1526681
1527898
1529028
1529994
1531771
1538556
1540056
1540241
1540669
1541456
1541620
1547541
1552795
1555958
1556348
1556442
1556539
1567106
1571946
1573227
1574528
1575792
1576151
1577420
1578754
1579676
1579761
1579969
1581011
1582277
1583739
1586237
1587781
1587836
1588277
1588910
1590125
1591057
1592526
1595708
1596636
1599022
1599329
1599658
1600469
1600764
1601173
1603288
1603428
1603451
1604277
1605337
1607618
1608606
1610508
1612110
1616072
1616147
1616784
1617451
1618403
1620033
1621638
1621833
1623365
1624140
1624152
1624379
1624633
1624655
1624689
1624782
1625912
1627190
1627204
1627216
1628105
1628496
1628880
1628897
1629310
1629326
1629343
1629408
1632745
1633126
1633841
1635062
1637454
1643756
1645565
1645826
1650266
1651656
1653235
1655192
1655686
1656241
1659543
1660471
1660804
1662031
1663878
1663884
1664948
1665040
1665289
1666909
1667733
1669600
1671039
1672327
1673522
1673566
1674706
1674772
1675354
1675764
1675766
1675856
1676835
1678675
1679876
1686829
1687364
1688686
1690288
1692682
1694906
1701776
1701919
1703197
1704493
1705025
1705086
1705790
1705857
1705978
1706205
1708742
1709258
1710917
1711229
1712934
1713355
1715990
1718373
1720747
1721758
1723831
1727119
1727758
1736231
1736674
1738132
1739866
1740679
1745876
1746911
1749607
1749656
1750665
1750797
1751223
1751750
1754288
1754392
1755234
1756770
1756926
1760448
1761377
1763536
1763879
1765718
1767186
1767719
1767831
1768159
1768258
1768601
1768715
1769025
1772321
1773371
1775768
1776124
1777741
1778969
1779557
1780458
1780967
1783168
1783555
1784733
1785450
1785492
1785539
1786210
1786759
1788207
1788384
1788395
1790118
1791338
1791346
1792073
1792089
1793938
1797322
1798189
1798661
1799148
1799769
1800565
1800867
1801715
1802767
1804082
1804128
1805107
1807601
1807611
1808257
1810144
1810565
1814675
1814678
1814699
1815651
1816511
1816745
1817286
1818796
1820018
1821535
1822497
1824363
1825930
1826191
1826469
1828826
1830706
1835976
1837426
1838357
1838901
1840209
1843612
1844212
1844628
1844801
1845084
1848030
1848206
1848910
1849260
1849967
1850376
1850653
1850752
1853853
1854201
1856062
1856228
1861908
1861923
1863507
1865507
1869558
1869593
1873411
1873733
1874313
1874779
1874880
1875395
1876040
1877663
1878420
1881387
1881459
1881604
1882882
1883156
1883260
1884143
1888624
1894842
1894943
1895483
1895488
1896534
1896822
1896910
1896919
1897258
1897401
1897987
1899367
1899868
1900050
1901142
1901502
1906635
1907827
1908144
1908413
1911602
1911893
1912160
1913082
1913102
1913256
1913602
1914517
1915316
1916126
1916967
1918502
1918600
1918625
1918827
1919612
1920788
1921261
1923245
1925114
1926021
1926809
1927058
1928835
1928898
1930570
1931992
1934312
1934617
1935013
1935908
1938483
1942781
1942846
1943904
1946163
1949475
1950353
1957815
1960551
1960626
1967728
1971675
1981109
1982730
1987832
1988501
1988527
1992880
1994865
1996072
1997390
1997676
1997776
2001641
2003699
2005149
2005460
2007533
2007671
2008980
2014806
2015865
2016685
2018225
2018794
2019041
2020677
2023501
2024693
2024874
2033344
2033837
2033951
2035739
2036769
2038116
2042206
2042691
2043616
2049038
2051953
2053268
2054692
2056738
2056747
2056904
2057421
2060605
2062733
2064840
2065382
2065517
2066251
2071184
2071590
2071865
2072403
2073521
2077013
2077717
2078298
2078643
2080829
2080941
2084435
2087700
2089389
2092834
2094778
2095313
2097418
2097428
2097744
2100039
2102779
2103195
2105141
2105954
2106575
2107603
2108973
2109030
2114541
2118386
2119711
2120250
2120872
2122465
2122611
2123534
2130810
2134435
2134438
2134445
2136848
2138826
2140664
2146202
2150165
2150293
2150688
2150750
2154177
2156488
2159292
2160346
2167520
2169698
2171203
2171504
2172944
2174580
2174713
2175210
2177691
2178033
2180755
2182792
2183592
2183763
2184831
2185585
2185699
2193794
2199163
2199167
2199674
2199779
2200260
2203431
2206508
2209964
2210878
2212005
2212185
2212412
2213289
2214518
2215281
2218039
2221092
2221130
2222149
2229772
2231501
2234517
2238012
2239734
2239790
2240210
2245176
2245258
2245940
2248622
2257146
2259263
2259330
2259631
2260844
2260857
2260910
2262789
2263881
2266578
2266610
2267350
2267640
2267778
2269062
2269088
2269918
2270206
2270425
2271017
2274577
2275863
2276725
2276788
2277207
2278635
2279580
2282885
2283157
2286357
2286406
2293157
2295983
2296085
2297699
2297943
2299086
2306733
2308907
2310125
2310754
2313191
2313472
2313819
2314782
2317358
2320121
2320136
2323141
2324032
2325223
2325657
2327220
2329734
2334819
2338961
2341531
2342445
2345062
2353928
2359391
2359618
2359636
2361949
2362602
2362738
2363203
2363427
2363434
2363438
2363447
2363459
2363620
2364458
2364486
2364502
2365040
2366705
2367734
2367794
2376338
2377159
2377175
2377358
2379706
2379739
2381208
2381871
2382744
2388105
2389772
2396797
2399186
2399920
2401932
2405932
2406114
2407534
2409010
2409444
2411035
2414039
2414720
2416769
2417011
2417030
2418034
2421695
2425959
2426983
2428498
2428745
2431076
2437624
2444459
2445182
2448997
2449801
2452100
2452561
2455200
2455432
2455759
2457082
2457945
2458836
2459995
2460520
2463509
2477632
2480772
2482542
2488369
2489478
2490646
2492012
2494347
2495237
2496401
2498760
2500083
2501966
2502178
2504447
2510443
2512938
2517303
2518456
2527884
2528011
2530013
2530278
2532879
2533402
2534179
2534984
2545679
2547136
2549117
2550199
2553024
2555465
2555913
2555941
2555948
2558536
2559427
2560224
2561714
2580247
2580984
2582433
2582640
2587128
2591715
2592550
2593565
2594702
2595337
2600001
2601987
2603530
2605903
2607087
2607260
2613427
2614407
2618751
2621642
2621644
2622141
2622166
2622949
2624113
2625832
2629373
2629829
2630360
2630645
2630660
2631728
2633597
2633619
2635151
2640271
2640963
2646217
2655143
2655319
2673868
2673883
2685273
2685440
2695084
2695683
2695689
2695690
2695691
2695692
2695693
2697216
2697217
2697218
2697225
2697398
2697653
2700499
2704056
2705187
2707812
2707962
2708090
2708134
2708445
2712448
2718534
2718854
2720428
2726844
2727471
2728400
2729618
2733928
2736079
2736686
2739372
2741390
2742636
2743309
2745206
2746584
2747671
2748328
2750466
2750756
2753416
2755802
2758661
2762530
2765362
2765595
2768302
2769682
2775603
2777255
2785574
2786361
2786640
2795453
2796571
2797530
2797627
2797729
2798710
2799259
2801925
2803094
2803132
2803177
2803503
2804832
2806598
2808212
2814662
2815000
2817299
2819053
2819105
2819293
2819477
2819880
2820582
2821896
2824107
2826569
2826703
2826795
2829362
2829572
2829967
2830101
2830522
2832117
2832292
2833209
2833232
2840703
2840929
2846676
2847294
2847664
2849192
2849816
2851271
2856775
2856883
2859439
2865125
2865883
2866567
2866794
2871611
2872716
2876874
2889288
2891113
2894906
2895285
2895743
2897128
2904221
2904696
2905194
2907847
2908562
2912240
2912486
2913477
2914462
2916570
2921750
2923125
2925576
2929992
2935588
2936293
2939490
2940200
2941754
2942168
2942235
2942388
2943366
2943391
2944087
2948884
2951378
2952252
2952501
2953211
2953380
2953735
2954474
2959491
2959799
2962769
2964592
2965811
2968153
2968170
2968459
2968883
2969291
2969650
2971069
2972297
2973915
2974084
2974829
2975519
2982737
2982821
2982887
2983514
2984378
2985891
2986011
2987016
2987376
2988575
2994558
2999553
3000484
3005131
3008716
3009115
3011270
3012064
3012449
3014372
3015070
3019962
3022294
3022467
3026937
3027069
3033625
3034818
3037523
3037526
3038462
3038490
3039561
3039595
3039641
3041016
3042873
3045933
3049267
3050688
3054743
3055639
3058183
3059059
3064351
3065133
3065930
3067757
3071158
3071344
3076606
3077639
3082568
3083775
3084818
3084847
3085037
3086606
3090767
3092145
3092396
3092836
3093439
3093640
3094944
3096548
3097182
3099405
3102509
3104962
3108478
3108893
3109917
3111029
3111390
3113673
3115145
3116788
3117580
3118524
3119733
3121408
3126012
3130182
3130602
3133525
3135781
3139686
3141832
3143001
3143432
3143602
3144469
3145473
3164658
3165299
3166113
3167788
3168525
3172269
3174694
3175343
3176170
3177586
3177910
3178035
3178193
3182323
3184815
3186631
3187074
3193888
3196823
3197166
3204062
3206572
3206681
3208538
3209908
3210584
3211003
3212889
3213808
3214090
3214549
3219948
3220140
3220314
3221402
3224641
3228109
3233698
3236364
3236366
3239101
3248395
3256743
3265651
3271371
3271975
3272883
3277414
3277526
3283578
3286735
3289252
3299445
3299647
3299857
3307543
3309236
3312860
3318517
3321200
3327374
3331801
3338213
3340843
3341356
3342255
3344432
3352876
3355683
3358913
3359643
3363929
3364123
3368768
3380609
3382131
3383013
3390027
3447198
3449985
3450388
3452782
3468115
3472963
3475759
3478098
3478934
3500367
3507367
3508065
3514318
3515891
3516000
3518570
3520059
3522867
3523714
3526500
3531011
3537730
3537740
3543858
3546204
3555598
3559842
3563937
3565374
3569217
3570838
3581921
3581922
3581923
3581924
3584836
3588547
3598063
3600166
3610565
3610704
3618817
3619651
3623645
3625253
3628366
3628367
3628368
3628369
3628953
3632792
3642631
3644727
3645772
3646020
3646463
3649081
3655185
3655902
3656481
3665059
3665557
3671716
3671732
3680782
3680783
3680784
3680785
3683146
3687071
3688208
3691725
3695267
3702464
3704532
3716967
3719465
3720058
3722573
3733837
3734999
3736220
3740045
3740091
3741729
3742568
3745233
3746363
3750025
3754297
3755618
3761569
3763277
3764224
3765230
3765662
3771277
3775510
3787840
3789250
3789369
3789842
3791134
3793453
3793901
3794250
3796205
3796417
3801635
3808998
3818381
3831662
3832777
3839923
3848917
