3
0 0
0 3
127 6
1428 9
2323 12
2422 15
3080 18
4214 21
4007 24
3813 27
3831 30
3614 33
4072 36
3621 39
3361 42
3699 45
3707 48
4305 51
4150 54
3942 57
3966 60
3491 63
3465 66
3527 69
3769 72
4168 75
4185 78
4246 81
4010 84
4747 87
5784 90
4964 93
5873 96
6291 99
6178 102
5821 105
7013 108
7748 111
8333 114
8050 117
7942 120
8959 123
8193 126
8778 129
8958 132
9107 135
9552 138
9062 141
9368 144
9488 147
10018 150
11494 153
13880 156
17810 159
17710 162
14361 165
12026 168
11544 171
10638 174
10159 177
9506 180
8808 183
8617 186
8485 189
8823 192
8474 195
8904 198
8617 201
8141 204
7828 207
7566 210
7384 213
8735 216
7638 219
6714 222
6430 225
6665 228
6286 231
6207 234
6141 237
6011 240
6075 243
5995 246
5889 249
5845 252
5851 255
5742 258
5757 261
6091 264
8855 267
7015 270
5303 273
5244 276
5105 279
4933 282
5092 285
4913 288
4756 291
4830 294
4667 297
4644 300
4541 303
4604 306
4583 309
4389 312
4386 315
4401 318
4295 321
4310 324
4278 327
4252 330
4216 333
4127 336
4179 339
4135 342
4015 345
4047 348
4038 351
3811 354
3803 357
3782 360
3692 363
3691 366
3789 369
3720 372
3607 375
3598 378
3525 381
3470 384
3440 387
3338 390
3262 393
3347 396
3322 399
3247 402
3285 405
3171 408
3164 411
3204 414
3094 417
3120 420
3019 423
2961 426
2845 429
2783 432
2886 435
2843 438
2721 441
2820 444
2792 447
2690 450
2755 453
2691 456
2713 459
2802 462
2519 465
2642 468
2590 471
2564 474
2588 477
2630 480
2514 483
2518 486
2435 489
2385 492
2382 495
2450 498
2327 501
2266 504
2302 507
2216 510
2238 513
2227 516
2178 519
2153 522
2136 525
2065 528
2100 531
2001 534
2055 537
2045 540
2011 543
1977 546
1957 549
1968 552
1938 555
1983 558
2036 561
1995 564
1979 567
1898 570
1923 573
1889 576
1929 579
1800 582
1798 585
1847 588
1726 591
1790 594
1838 597
1773 600
1762 603
1733 606
1686 609
1669 612
1658 615
1686 618
1659 621
1638 624
1548 627
1692 630
1594 633
1574 636
1449 639
1527 642
1507 645
1470 648
1502 651
1416 654
1451 657
1374 660
1443 663
1455 666
1372 669
1340 672
1406 675
1349 678
1323 681
1280 684
1225 687
1299 690
1240 693
1222 696
1221 699
1329 702
1268 705
1217 708
1152 711
1126 714
1200 717
1167 720
1147 723
1184 726
1142 729
1125 732
1099 735
1079 738
1157 741
1082 744
1027 747
1046 750
981 753
1057 756
1045 759
980 762
977 765
972 768
972 771
948 774
1000 777
941 780
967 783
943 786
938 789
885 792
937 795
880 798
911 801
849 804
945 807
860 810
859 813
884 816
872 819
842 822
793 825
831 828
818 831
804 834
778 837
813 840
850 843
827 846
813 849
778 852
790 855
769 858
724 861
710 864
715 867
782 870
749 873
731 876
676 879
731 882
703 885
720 888
707 891
673 894
637 897
681 900
689 903
645 906
631 909
640 912
610 915
649 918
630 921
616 924
642 927
642 930
593 933
583 936
574 939
549 942
565 945
633 948
591 951
549 954
542 957
573 960
525 963
525 966
532 969
547 972
509 975
548 978
522 981
543 984
557 987
509 990
501 993
537 996
547 999
490 1002
509 1005
476 1008
486 1011
484 1014
513 1017
458 1020
499 1023
477 1026
463 1029
513 1032
442 1035
429 1038
466 1041
456 1044
441 1047
467 1050
409 1053
450 1056
437 1059
452 1062
419 1065
468 1068
443 1071
394 1074
429 1077
368 1080
407 1083
443 1086
410 1089
399 1092
419 1095
388 1098
412 1101
392 1104
381 1107
394 1110
400 1113
388 1116
393 1119
364 1122
359 1125
365 1128
382 1131
398 1134
380 1137
360 1140
340 1143
379 1146
378 1149
350 1152
340 1155
328 1158
319 1161
360 1164
357 1167
361 1170
361 1173
332 1176
303 1179
336 1182
324 1185
296 1188
