7
291
338
512
1365
1819
1833
2132
2289
2617
3517
3579
3626
3698
3699
3920
4342
4359
4360
4516
4741
4967
5185
5697
5734
5740
6370
6540
6657
6871
7075
8870
10747
10968
11751
12777
12844
13117
13218
13968
15342
16136
16669
16755
17535
17757
18090
18737
19183
21547
21635
23987
25450
25812
27293
27464
27641
30329
30560
31764
31915
32724
33068
37112
39777
42379
42442
42661
42708
43004
43131
43369
43757
44574
44835
44869
47799
48021
48040
48808
51605
51711
51829
52046
52146
52337
52691
52939
52985
53212
54232
54540
55462
57491
58358
58572
58887
62627
63951
63952
64516
65083
67472
68587
68774
69736
69857
72103
72520
73581
74662
74768
75391
77480
78362
80294
80682
81107
83232
85970
86107
86122
86139
88519
88569
89321
89397
89433
89443
91346
91582
91592
94881
95014
95315
97294
98549
100380
100382
100432
100629
106884
107115
107422
111901
113728
115110
115530
115727
115877
115948
117785
118500
122137
122505
122758
123598
124298
124561
127285
128558
128932
129827
130007
130348
131257
131507
131598
133213
133740
136758
138147
140120
143558
145268
146473
153143
154811
158587
159118
160590
160632
162797
163302
163321
164598
165663
166870
168087
168352
172515
174065
174278
175731
177930
178773
179424
180226
181863
191492
191988
193588
198565
198748
204782
209041
209318
226698
257658
259731
262334
263959
265344
265567
265835
267004
268268
289230
290292
291722
294632
299957
302457
304337
305024
306659
307532
307907
308053
308775
311050
311923
312550
313453
314892
319054
329364
329489
331895
333033
340809
342613
363932
373393
375157
383520
384387
389597
391617
393174
400605
403644
410165
413898
431761
435648
435782
436262
440190
443191
444071
449706
449814
450206
455524
456161
456810
456956
456979
457022
457349
457433
459914
464798
465273
465719
472692
475088
476272
477184
478266
480498
484494
487993
491335
492623
493295
493682
498591
502473
507268
512849
519637
524974
525377
525745
532108
537246
538790
541655
543189
554648
557119
559001
559057
564673
565807
568977
569140
570246
590841
597474
599444
603149
614443
618410
618820
618840
619624
620581
621766
626155
626730
628145
628184
630093
631177
634161
636851
640413
641798
643675
644287
645950
651434
651639
653150
658915
662074
663174
664312
673716
674294
675124
676172
681355
681790
682376
683588
690293
694551
699337
702201
705481
711092
717236
718019
724446
729324
730557
734740
748595
750660
775977
778017
784998
786809
790929
791055
804219
816476
835965
836538
841457
841890
847589
850250
859010
868671
877244
878369
889013
890879
892143
892874
896671
906089
915471
917657
921128
922385
929503
932712
934073
941272
941802
943178
951700
969467
970264
971023
974150
974354
976004
978359
985814
991670
1001131
1004787
1027301
1041924
1046668
1049162
1050686
1050862
1070083
1076484
1079166
1080334
1082676
1119675
1126919
1134606
1139213
1144488
1149526
1181807
1190572
1215302
1216410
1230689
1250028
1253339
1255578
1260762
1284294
1292346
1294357
1295434
1296489
1298358
1302573
1307142
1308576
1316860
1317488
1329019
1331231
1338304
1343324
1345758
1357839
1358778
1366152
1372389
1373149
1379023
1381429
1388003
1392320
1395443
1397162
1397175
1409912
1426311
1432575
1441210
1443016
1443139
1457621
1467924
1497337
1498751
1505926
1509262
1515120
1539238
1543525
1549907
1559112
1567619
1571624
1576919
1602537
1604680
1606316
1613246
1627797
1636011
1636724
1644495
1654705
1671953
1673054
1675436
1675767
1679221
1688247
1689928
1691945
1699755
1702548
1720504
1721448
1723282
1733442
1734479
1743793
1748894
1757215
1760858
1767391
1776487
1780285
1784885
1791807
1803627
1807603
1807613
1812524
1814505
1828848
1836279
1844854
1845962
1858706
1860275
1860754
1861949
1864270
1867002
1873477
1875865
1878040
1882740
1883976
1893058
1896023
1903238
1903254
1903630
1906717
1914724
1928880
1935775
1944570
1946683
1947599
1948694
1970674
1980152
1988088
1994024
1996460
2001765
2002622
2007723
2019760
2023084
2024205
2026955
2033365
2038030
2055373
2056685
2057083
2071804
2081434
2085461
2101541
2110356
2116812
2119723
2136661
2164660
2178219
2198637
2206487
2210212
2224806
2231243
2231793
2243855
2261852
2290040
2299092
2312528
2312643
2312898
2344327
2354727
2358754
2362126
2377861
2379864
2380735
2395877
2397534
2404864
2416611
2419855
2434024
2439316
2442484
2450614
2475000
2485106
2485305
2487772
2488352
2502532
2510546
2531939
2532703
2546224
2550097
2554483
2624004
2626582
2648594
2689500
2709562
2710670
2734873
2736264
2743954
2746154
2756497
2786105
2792108
2806914
2807162
2822032
2823236
2825836
2848803
2865428
2865518
2874438
2875436
2876005
2922926
2945621
2950170
2969890
2987673
3004752
3007826
3008356
3008448
3010207
3014189
3026823
3050338
3051087
3051830
3055465
3070189
3073252
3082693
3087205
3098440
3124035
3128383
3128734
3136889
3140628
3149424
3181355
3184833
3196808
3227348
3264902
3265123
3266941
3286707
3296443
3343079
3372843
3377802
3384979
3388356
3441251
3442830
3448466
3457185
3457608
3457612
3468312
3471671
3476931
3512159
3528881
3529281
3532112
3540152
3551512
3573844
3649550
3672651
3689155
3695115
3750676
3771665
